<?xml version="1.0" encoding="UTF-8"?>
<!-- Generated by org.testng.reporters.JUnitXMLReporter -->
<testsuite hostname="GTLRMC2" ignored="0" name="Surefire test" tests="1" failures="1" timestamp="29 Nov 2018 12:36:11 GMT" time="53.804" errors="0">
  <testcase name="feature" time="46.567" classname="runner.TestRunner">
    <failure type="cucumber.runtime.CucumberException" message="java.lang.NullPointerException">
      <![CDATA[cucumber.runtime.CucumberException: java.lang.NullPointerException
at cucumber.api.testng.TestNGCucumberRunner.runCucumber(TestNGCucumberRunner.java:69)
at runner.TestRunner.feature(TestRunner.java:58)
Caused by: java.lang.NullPointerException
at pages.BELogin.selectAllBooking(BELogin.java:47)
at stepDefs.BELoginStep.backend_Login_successfully(BELoginStep.java:42)
at ✽.Then BackEnd Login successfully(BELogin.feature:10)
... Removed 29 stack frames]]>
    </failure>
  </testcase> <!-- feature -->
</testsuite> <!-- Surefire test -->
