-------------------------------------------------------------------------------
Test set: runner.TestRunner
-------------------------------------------------------------------------------
Tests run: 1, Failures: 1, Errors: 0, Skipped: 0, Time elapsed: 55.006 sec <<< FAILURE! - in runner.TestRunner
feature(runner.TestRunner)  Time elapsed: 46.578 sec  <<< FAILURE!
cucumber.runtime.CucumberException: java.lang.NullPointerException
	at runner.TestRunner.feature(TestRunner.java:58)
Caused by: java.lang.NullPointerException

