<?xml version="1.0" encoding="UTF-8"?>
<testsuite xmlns:xsi="http://www.w3.org/2001/XMLSchema-instance" xsi:schemaLocation="https://maven.apache.org/surefire/maven-surefire-plugin/xsd/surefire-test-report.xsd" name="TestSuite" time="1.593" tests="4" errors="0" skipped="1" failures="3">
  <properties>
[...]
</properties>
  <testcase name="setUpClass" classname="runner.TestRunner" time="1.062">
    <failure type="java.lang.NullPointerException">java.lang.NullPointerException
	at runner.TestRunner.setUpClass(TestRunner.java:36)
</failure>
    <system-out><![CDATA[08:51:12 [main] INFO  Testing - Hong Testing...................
This will run before the Scenario1
]]></system-out>
  </testcase>
  <testcase name="feature" classname="runner.TestRunner" time="0">
    <skipped/>
  </testcase>
  <testcase name="tearDownClass" classname="runner.TestRunner" time="1.154">
    <failure type="java.lang.NullPointerException">java.lang.NullPointerException
	at runner.TestRunner.tearDownClass(TestRunner.java:54)
</failure>
    <system-out><![CDATA[08:51:12 [main] INFO  Testing - Hong Testing...................
08:51:12 [main] INFO  Testing - Hong Testing...................

0 Scenarios
0 Steps
0m0.000s

This will run after the Scenario1
]]></system-out>
  </testcase>
  <testcase name="feature" classname="runner.TestRunner_old" time="0.116">
    <failure message="Multiple failures (2)&#10;(1)assertion.VerificationError:not equal testing expected [2] but found [1]&#10;(2)assertion.VerificationError:equal testing expected [3] but found [1]&#10;&#10;Failure 1 of 2&#10;assertion.VerificationError: not equal testing expected [2] but found [1]&#10;	at org.testng.Assert.fail(Assert.java:96)&#10;	at org.testng.Assert.failNotEquals(Assert.java:776)&#10;	at org.testng.Assert.assertEqualsImpl(Assert.java:137)&#10;	at org.testng.Assert.assertEquals(Assert.java:118)&#10;	at assertion.Asserts.verifyEquals(Asserts.java:19)&#10;	at stepDefs.LoginStep.login_Url(LoginStep.java:24)&#10;	at sun.reflect.NativeMethodAccessorImpl.invoke0(Native Method)&#10;	at sun.reflect.NativeMethodAccessorImpl.invoke(NativeMethodAccessorImpl.java:62)&#10;	at sun.reflect.DelegatingMethodAccessorImpl.invoke(DelegatingMethodAccessorImpl.java:43)&#10;	at java.lang.reflect.Method.invoke(Method.java:498)&#10;	at cucumber.runtime.Utils$1.call(Utils.java:40)&#10;	at cucumber.runtime.Timeout.timeout(Timeout.java:16)&#10;	at cucumber.runtime.Utils.invoke(Utils.java:34)&#10;	at cucumber.runtime.java.JavaStepDefinition.execute(JavaStepDefinition.java:38)&#10;	at cucumber.runtime.StepDefinitionMatch.runStep(StepDefinitionMatch.java:37)&#10;	at cucumber.runtime.Runtime.runStep(Runtime.java:300)&#10;	at cucumber.runtime.model.StepContainer.runStep(StepContainer.java:44)&#10;	at cucumber.runtime.model.StepContainer.runSteps(StepContainer.java:39)&#10;	at cucumber.runtime.model.CucumberScenario.run(CucumberScenario.java:44)&#10;	at cucumber.runtime.model.CucumberFeature.run(CucumberFeature.java:165)&#10;	at cucumber.api.testng.TestNGCucumberRunner.runCucumber(TestNGCucumberRunner.java:63)&#10;	at cucumber.api.testng.AbstractTestNGCucumberTests.feature(AbstractTestNGCucumberTests.java:21)&#10;	at sun.reflect.NativeMethodAccessorImpl.invoke0(Native Method)&#10;	at sun.reflect.NativeMethodAccessorImpl.invoke(NativeMethodAccessorImpl.java:62)&#10;	at sun.reflect.DelegatingMethodAccessorImpl.invoke(DelegatingMethodAccessorImpl.java:43)&#10;	at java.lang.reflect.Method.invoke(Method.java:498)&#10;	at org.testng.internal.MethodInvocationHelper.invokeMethod(MethodInvocationHelper.java:124)&#10;	at org.testng.internal.Invoker.invokeMethod(Invoker.java:583)&#10;	at org.testng.internal.Invoker.invokeTestMethod(Invoker.java:719)&#10;	at org.testng.internal.Invoker.invokeTestMethods(Invoker.java:989)&#10;	at org.testng.internal.TestMethodWorker.invokeTestMethods(TestMethodWorker.java:125)&#10;	at org.testng.internal.TestMethodWorker.run(TestMethodWorker.java:109)&#10;	at org.testng.TestRunner.privateRun(TestRunner.java:648)&#10;	at org.testng.TestRunner.run(TestRunner.java:505)&#10;	at org.testng.SuiteRunner.runTest(SuiteRunner.java:455)&#10;	at org.testng.SuiteRunner.runSequentially(SuiteRunner.java:450)&#10;	at org.testng.SuiteRunner.privateRun(SuiteRunner.java:415)&#10;	at org.testng.SuiteRunner.run(SuiteRunner.java:364)&#10;	at org.testng.SuiteRunnerWorker.runSuite(SuiteRunnerWorker.java:52)&#10;	at org.testng.SuiteRunnerWorker.run(SuiteRunnerWorker.java:84)&#10;	at org.testng.TestNG.runSuitesSequentially(TestNG.java:1208)&#10;	at org.testng.TestNG.runSuitesLocally(TestNG.java:1137)&#10;	at org.testng.TestNG.runSuites(TestNG.java:1049)&#10;	at org.testng.TestNG.run(TestNG.java:1017)&#10;	at org.apache.maven.surefire.testng.TestNGExecutor.run(TestNGExecutor.java:132)&#10;	at org.apache.maven.surefire.testng.TestNGDirectoryTestSuite.executeMulti(TestNGDirectoryTestSuite.java:224)&#10;	at org.apache.maven.surefire.testng.TestNGDirectoryTestSuite.execute(TestNGDirectoryTestSuite.java:113)&#10;	at org.apache.maven.surefire.testng.TestNGProvider.invoke(TestNGProvider.java:146)&#10;	at org.apache.maven.surefire.booter.ForkedBooter.invokeProviderInSameClassLoader(ForkedBooter.java:286)&#10;	at org.apache.maven.surefire.booter.ForkedBooter.runSuitesInProcess(ForkedBooter.java:240)&#10;	at org.apache.maven.surefire.booter.ForkedBooter.main(ForkedBooter.java:121)&#10;&#10;Failure 2 of 2&#10;assertion.VerificationError: equal testing expected [3] but found [1]" type="java.lang.Throwable">java.lang.Throwable: 
Multiple failures (2)
(1)assertion.VerificationError:not equal testing expected [2] but found [1]
(2)assertion.VerificationError:equal testing expected [3] but found [1]

Failure 1 of 2
assertion.VerificationError: not equal testing expected [2] but found [1]
	at org.testng.Assert.fail(Assert.java:96)
	at org.testng.Assert.failNotEquals(Assert.java:776)
	at org.testng.Assert.assertEqualsImpl(Assert.java:137)
	at org.testng.Assert.assertEquals(Assert.java:118)
	at assertion.Asserts.verifyEquals(Asserts.java:19)
	at stepDefs.LoginStep.login_Url(LoginStep.java:24)
	at sun.reflect.NativeMethodAccessorImpl.invoke0(Native Method)
	at sun.reflect.NativeMethodAccessorImpl.invoke(NativeMethodAccessorImpl.java:62)
	at sun.reflect.DelegatingMethodAccessorImpl.invoke(DelegatingMethodAccessorImpl.java:43)
	at java.lang.reflect.Method.invoke(Method.java:498)
	at cucumber.runtime.Utils$1.call(Utils.java:40)
	at cucumber.runtime.Timeout.timeout(Timeout.java:16)
	at cucumber.runtime.Utils.invoke(Utils.java:34)
	at cucumber.runtime.java.JavaStepDefinition.execute(JavaStepDefinition.java:38)
	at cucumber.runtime.StepDefinitionMatch.runStep(StepDefinitionMatch.java:37)
	at cucumber.runtime.Runtime.runStep(Runtime.java:300)
	at cucumber.runtime.model.StepContainer.runStep(StepContainer.java:44)
	at cucumber.runtime.model.StepContainer.runSteps(StepContainer.java:39)
	at cucumber.runtime.model.CucumberScenario.run(CucumberScenario.java:44)
	at cucumber.runtime.model.CucumberFeature.run(CucumberFeature.java:165)
	at cucumber.api.testng.TestNGCucumberRunner.runCucumber(TestNGCucumberRunner.java:63)
	at cucumber.api.testng.AbstractTestNGCucumberTests.feature(AbstractTestNGCucumberTests.java:21)
	at sun.reflect.NativeMethodAccessorImpl.invoke0(Native Method)
	at sun.reflect.NativeMethodAccessorImpl.invoke(NativeMethodAccessorImpl.java:62)
	at sun.reflect.DelegatingMethodAccessorImpl.invoke(DelegatingMethodAccessorImpl.java:43)
	at java.lang.reflect.Method.invoke(Method.java:498)
	at org.testng.internal.MethodInvocationHelper.invokeMethod(MethodInvocationHelper.java:124)
	at org.testng.internal.Invoker.invokeMethod(Invoker.java:583)
	at org.testng.internal.Invoker.invokeTestMethod(Invoker.java:719)
	at org.testng.internal.Invoker.invokeTestMethods(Invoker.java:989)
	at org.testng.internal.TestMethodWorker.invokeTestMethods(TestMethodWorker.java:125)
	at org.testng.internal.TestMethodWorker.run(TestMethodWorker.java:109)
	at org.testng.TestRunner.privateRun(TestRunner.java:648)
	at org.testng.TestRunner.run(TestRunner.java:505)
	at org.testng.SuiteRunner.runTest(SuiteRunner.java:455)
	at org.testng.SuiteRunner.runSequentially(SuiteRunner.java:450)
	at org.testng.SuiteRunner.privateRun(SuiteRunner.java:415)
	at org.testng.SuiteRunner.run(SuiteRunner.java:364)
	at org.testng.SuiteRunnerWorker.runSuite(SuiteRunnerWorker.java:52)
	at org.testng.SuiteRunnerWorker.run(SuiteRunnerWorker.java:84)
	at org.testng.TestNG.runSuitesSequentially(TestNG.java:1208)
	at org.testng.TestNG.runSuitesLocally(TestNG.java:1137)
	at org.testng.TestNG.runSuites(TestNG.java:1049)
	at org.testng.TestNG.run(TestNG.java:1017)
	at org.apache.maven.surefire.testng.TestNGExecutor.run(TestNGExecutor.java:132)
	at org.apache.maven.surefire.testng.TestNGDirectoryTestSuite.executeMulti(TestNGDirectoryTestSuite.java:224)
	at org.apache.maven.surefire.testng.TestNGDirectoryTestSuite.execute(TestNGDirectoryTestSuite.java:113)
	at org.apache.maven.surefire.testng.TestNGProvider.invoke(TestNGProvider.java:146)
	at org.apache.maven.surefire.booter.ForkedBooter.invokeProviderInSameClassLoader(ForkedBooter.java:286)
	at org.apache.maven.surefire.booter.ForkedBooter.runSuitesInProcess(ForkedBooter.java:240)
	at org.apache.maven.surefire.booter.ForkedBooter.main(ForkedBooter.java:121)

Failure 2 of 2
assertion.VerificationError: equal testing expected [3] but found [1]
</failure>
    <system-out><![CDATA[08:51:12 [main] INFO  Testing - Hong Testing...................
08:51:12 [main] INFO  Testing - Hong Testing...................
08:51:12 [main] INFO  stepDefs.Hook - ------Start Scenario: Verify that user could login with valid user name and pass ---------------------
08:51:12 [main] ERROR assertion.Asserts - [Assert Fail] - not equal testing expected [2] but found [1]
08:51:12 [main] ERROR assertion.Asserts - [Assert Fail] - equal testing expected [3] but found [1]
Login with UserName user@phptravels.com and password demouser
Click Button login
login_successfully
08:51:12 [main] INFO  stepDefs.Hook - ------End Scenario: Verify that user could login with valid user name and pass -----------------------
]]></system-out>
  </testcase>
</testsuite>